<?xml version="1.0" encoding="UTF-8"?>
<!-- Generated by org.testng.reporters.JUnitXMLReporter -->
<testsuite hostname="PMCLAP1279" ignored="0" name="Default test" tests="10" failures="0" timestamp="14 Jul 2020 12:24:02 GMT" time="109.912" errors="0">
  <testcase name="registertest" time="2.288" classname="flipkarttestpages.Amazonregistration"/>
  <testcase name="registertest" time="2.263" classname="flipkarttestpages.Amazonregistration"/>
  <testcase name="registertest" time="2.243" classname="flipkarttestpages.Amazonregistration"/>
  <testcase name="registertest" time="2.302" classname="flipkarttestpages.Amazonregistration"/>
  <testcase name="registertest" time="2.262" classname="flipkarttestpages.Amazonregistration"/>
  <testcase name="registertest" time="2.281" classname="flipkarttestpages.Amazonregistration"/>
  <testcase name="registertest" time="2.277" classname="flipkarttestpages.Amazonregistration"/>
  <testcase name="registertest" time="2.285" classname="flipkarttestpages.Amazonregistration"/>
  <testcase name="registertest" time="2.265" classname="flipkarttestpages.Amazonregistration"/>
  <testcase name="registertest" time="2.27" classname="flipkarttestpages.Amazonregistration"/>
</testsuite> <!-- Default test -->
